============================= test session starts ==============================
platform darwin -- Python 3.14.6, pytest-9.1.1, pluggy-1.6.0 -- /Users/manishpanwar/game-data-project/pitest/bin/python3
cachedir: .pytest_cache
rootdir: /Users/manishpanwar/game-data-project
collecting ... collected 6 items

tests/test_games.py::test_data_folder_exists PASSED
tests/test_games.py::test_csv_files_exists PASSED
tests/test_games.py::test_csv_files_are_not_empty PASSED
tests/test_games.py::test_required_column PASSED
tests/test_games.py::test_no_empty_values FAILED
tests/test_games.py::test_duplicate_ids 
clicks.csv: duplicate click_id: {'ea71f865f7ce4175', 'bd4bed054dcbb851', 'b49a3e8f2840256e', 'afa0eeaf421bf29e', '2e99d4128d29887d', '553fb178f22f8d34', 'b38fb729b213dc50', 'b50b4cbf6aff4c0b', '48b9d434b64a45d6', 'f6d2b38ab429fb64', '21d981b18ef61912', 'f52d8c2bf688dcef', '656b7c91ab3a31c3', '31657603c3f44de8', '2b19eab7bfd49017', '6cf628ccf3f8d078', '6d598d7c7f532500', '0ead52ce7f9413f5', 'b6f37bd40409b7c8', 'd6d29c15b90d7496', 'f6033b66443603a3', '3b7b7c62c0331445', '7b2ca5838e07ceb7', '7f568e2d07b6bbf3', 'b6a4b4371518859b', 'ce28a78ecd613713', 'f9b81d043af297db', 'f60181182243e8a6', '19aab37ba04e7c05', 'e4dcade7a683dfe8', 'ffa45b8d0530de95', '56ec5859582ca898', '8095570d5c9788fa', 'b3b798f6299fae12', 'c98b37ce883503e4', 'aec201ce98dfcd74', '535c19399ee71156', '44a67e4dc133f7ff', '3103f445a9d8ee05', 'df89b487833578ce', 'f8dbb18ca6a1d9bd', '80190209acef411a', 'b326298f5c91aafb', '4f46176db821e6cb', '60bd3d346c2bc101', '195aebeb48e9d9f7', '51313b94dcfae50b', 'cd30747e74a3b323', '165ff03d36160dbb', 'dde4540b179a0a75', 'e22e093bf0370e03', 'bb88297ba1abfcba', 'ad6d80e326fddd36', '51ac68516431ca81', 'd6ed8d374536d985', '9fe848e0a3971586', 'bf446680a225db03', '3c50251c705f9d89', 'e4a54b568d749525', '57d650f9cfecf6f0', '2aea3f2a72dcb562', '9803bf38a1fe5fd3', '2056da766d7222cc', '02c3c6663e6f28a7', 'fa5bc29dbf7f7354', '2758264afc3468c8', 'd91ade99c23e471a', 'ac72de52ca0890e9', '000051686c3b1810', 'b40d8a7d590e5c3a', '90960302a09178b7', 'a1361ec04a6c8c3d', '3c328b84713829a9', '46369dee1120ea14', 'aaf57ebbe3d347e9', '757a2955eab338ed', 'e6d41837caaf3a0e', '5b6b3b4596c93f19', '7e2707392f2d218c', '19834c15f97b3ec9', '63d5aa46050bb5af', 'e2b9f20dd624acf3', '0ccfda443d89ad07', '2ac5b0cf584d8efc', '4a97ae6c5ee8d007', '81cda373afea22ba', '37b4490915ce8506', '5ea97acebc1aa2cf', 'ece2bcdc5d2c3c0d', 'd695f8076dde7644', 'edf2b1bda8b6686c', '2b3b94d4506b8453', '18ec904c0c7a9bca', 'c50bfd6cb852c5f4', '9715b6fa9d4ce58e', '1597c6c51936efa0', '871acb88943efb4f', '16910cce474b2e33', '07befee181a43328', 'cefb8ff2dca39ed1', 'a0bd66f84fec4105', '7fc32bc652a4195b', '5fd63e5b2477ea9e', 'c95aab505b82555b', '57edacbd33c14232', 'd85560cb3cea8463', '43d0359acc8e82e7', '2db542fdd46fae89', '2e4af9b4d8865e91', '8c760663fd006161', 'ada62c6adc12e1e1', 'c362b1b47f63c5ae', 'ce6e90a4a02c6a7c', '16455819cd3dc01a', '67001b71cdf70703', 'e0bc7f56c663126c', '66767d759316ed5d', 'a69de469ea7009ce', 'c941b7438e456ad3', '90c07d40e5c015b6', '5ea27ec2fa80b0a9', '926f76252e0431a7', '9ba9e7a8f316a123', '6e114a4453aca79c', 'af1a33e5581c04ff', '69c2c7b629e035d5', '1f387e65373c9a9c', '6b0b8492f56d6285', 'eb589ca6e44c4339', '511dfb71bcfcef81', '2ab2aed9de08476b', '42899f10dc572f34', '018ff27e63f29e32', '58808e5681f4b164', '1a26f1d05193f1cf', 'adb2ac42209035c2', '828ca7030af7de35', '2b8d50b93c16a256', 'ae825ba0135185f4', '4490d2d51813c2fc', '713f473b6e095282', 'd10ec481dc40f8a6', 'd24ead0c96c39062', 'd61bce0de2c100cc', 'd8fc5363758ac40f', '7ac8bba3d52faabd', '3361511fca4ce4d9', '0529cf15ff321369', '71cbea928a4afe46', '87d71ca5a669d531', '4a5a9b1a5c56d772', 'ec10d887a432a286', 'bf252e48aa204c42', 'b243309c99e22208', 'b5369a52a5930664', '383d40c0cd313977', '961d27a710a95c8b', '403e4d1fcd7109cb', '85d1ef81b5f535fd', '13446f7d0e51bccf', 'bcf0d7eb70857f1a', '3f9f9dc3baad53aa', '69c1ab35e0725874', '358bcb463929a5e1', '4bb14b83cde85a6b', '5d398ad9e620c9aa', 'd6785bcf915a9211', 'dbc3b13a9af3fe0c', '628c6058f9c5acaa', 'be1f9aa086841427', '90ed67c24086ea45', '9c8c9f92d30490fd', '6a9e3a9f80ef5bf9', 'b0419decfb3a218c', '48dcd86aad2e0cca', '639f6039ee9bd94d', '2a8162346ab453af', 'c1a9757cd5d75267', 'c633036712b185ec', 'd16cf332e7a2d107', 'edcee0f84404f2cf', '10613c8824327845', 'c1e818d44bbefbc8', 'cca960e868e2be91', '01d082acb77ac072', '989b5e24e3da4139', '656b3da2e24dcec2', '9aecd0b7d26a6d8f', 'a6a58aabc60edcbb', '1ad8c44d1362c841', '821ae4205e227a7b', '1edd9684457e40b9', '39143e8641735d0e', '64a3bedafaf7e2ac', '2ff5df3623ee474b', 'a1eb4176dcda0175', '1466ad732004777e', '6d5a145b4b19cf25', 'fd62843c250773d7', '4dbbd2b2f36d06b0', '73d70dffdc3912b8', 'c48efdb0496aaab1', 'b488b011099f70ed', 'f516f3cec78e14ee', '455b182b5669f742', 'e4f3b1e758bcfec4', '632002aa149ab682', '70dffab299c4ada8', '77d95e338957fc87', '5917284332ae2a29', 'b09cd3b76bd4f811', 'cf4fab7ac3495199', 'b00403fac4f25c76', '30d9e16348f3b2aa', '9e1753f45c384d5e', '2b8978326b4d1a7f', '228f5ca184cd2742', '4da8ba166d6a3d71', 'd68871e4a4003b2b', 'e52c10cf36876717', '3eb6c1adaee8eca4', '9afbe705bbf03f2c', 'd8e47fe45eec0776', 'c88b424e546410cb', '7f312d0c1dd467c8', '8c3dcb9e3f8306df', '6b781269071630ea', '3c1b2a10d00457fc', '89ffb16fe396fb15', 'fbf6d6c60c357df6', '7d4e33fcab37bbc4', '7b091014bd0b86fa', '0d14d015afecac75', 'bd7e5b62041a2115', 'de30882e9fffffc8', '1f0d870d8fcade7b', '433cb6babff4c9cb', '1e205988ef8abb76', '6a48ee7351ad3af7', '09141bd43ae8786d', '4348a88773393f5d', '057159b8865042f6', '1e87d75f6660fae4', 'f42b5c6ad77e9fee', 'd782add5de710880', 'b05e9426abb8d3af', 'cb1878619f9993b2', '9ee2a33f4982be57', '84eaa3c6209ee8e9', '1a3c5bda71c4cb8a', 'a85678ff79464d7e', '42ca5ba763375a7a', '937e9799030f6fe5', '3d3652297a61f4e6', 'a8d5c47a2e427977', '4251f740db8e4660', '6cf0a127c96fa2c5', 'c96fd0a8ce651e58', '1e5a49baf1e7e085', 'a95f625cd0137be5', '13e8831bf6c23114', 'd0dd23e9b387d7ed', '460bd43e41e96d11', '7479e4b5644161c1', 'fd5c430c8bb91174', 'b1ee8566633a05f1', '05be71af64b94199', '96a225746745a987', '8948b8218eff88e4', '30e53df7b600a0e3', '3b9601d0315253da', 'e96ef6dee726cd9a', 'f5c9c1b8ebc86925', '6123c0ea3b19af7d', 'ae992e59a5da05fe', '6d2e59ccbd6faff2', '9cce6e8560146046', 'df4377c3d010bbf7', '6fd9335396a998cc', '40ef39355f90bed6', 'bbe1e40b8099b480', '2a6fe0c2f81d2adb', '38cefe8b33d0a1c2', '3fe4f2d31daa4ac8', '59ba3b0f531c8643', 'b1d73a1fa881f979', 'ea6c84669d3c14ab', '9a9121029abf8e2e', '410210362b648c4e', '08e60259c3008cf1', '7d1ee19f878e1427', '3b2d95fbf2d85a5e', '648dddddd0bb3806', '23193f3a2bb64157', 'e252b860663499b6', '053eb459ff021b58', 'c53c2f33d9d8f282', '460881dd525f4ce3', 'b7495cd939212abe', '02ba8b958e979e96', '21a97aa7376b87ef', '176651f65f838c46', 'a81d904049c2b5e8', 'cb71a6aa735c05da', '87cb1e6e300bd40b', '8702bbc3c17fa7b2', '69cf2f98e0ada076', '4567ba0adfcfb274', 'cef0bf7f2d569ab8', '71f2e4ec58256627', 'e8e9fc09eb2a62b7', '516f5af7f6d9ca91', '6a0ffc14d9794c8c', 'a88bcb6e80143e52', '5db408e4da58ee9a', 'a48bd3e1124ad0b0', '98a97aca53ef4f3e', '89131be68c71aae9', 'c175d6aa265445fb', '39c9158c86666c82', '7f7881c99f9b71f9', 'ce650334e453fca3', '9d0bb97ccf5bf501', 'ac5551c0a1a57de0', 'af873fd05fff7ca6', '8e8f3dfa887f9d89', '9b0c98a40d89f31e', 'e910519c1ac384fb', '21be025278f0490c', 'ab477e15ac528d7e', '7ea8a37b3b680e4c', '6b4cb1a0795a66af', '2f5801583ddfeeea', '41935046c4c1985c', 'fb5ec70f1872e4d3', '7b7c9069b54002ea', 'f8024d634d878da1', '9a4afea8676008d9', 'dd0ae71b3e0bd4d0', '907001b61ec09c35', '03cfb29bf1993bde', '06423d0e7a33b4c6', 'c9800d69f75d0201', '74aaed0336e9c4e7', '06ce340c952f6f81', 'c65a754deff73619', 'bd0d1ca78efe7018', 'bda22b76cbf20cc9', '2fdbf1e0c2096b0a', '49d36819da2d1e7b', 'ec6c3d715259f04e', 'ab21011c0105fb31', '7d81f989467fb0b5', 'cffaa0c57ab72e66', 'ad91324e0d513410', '53a244fb35d0e783', 'fd0f6f2e2cda7f8f', 'aa047daec87dc23b', 'd0b7224a5c3df793', '34f97e39ad40ed96', '0cfb03eab9dcdb74', 'e1ffde9c6d80fb66', '73a8e091f3057367', '63e4e0bfe7a603ca', 'bcb5c129eae3621f', '567f6ec5a22c775e', '2478aae3a0a80880', '8797c1a01732aaab', 'e7dd4e359df79fc6', 'f87bab0cf1e63d05', '9b4db9e242eb569f', 'b201afa5d1574703', '53137b618313f2de', '2257614e97de9d08', '940dfc069abfa142', 'e89e2c4c9fe9a7e9', '146b1760c3ae170a', 'b4d5e8f10fc488db', '9cc92b72659437fc', '8b049bbf3d690065', '113de0888b7914ca', '66df44d95a895dac', 'ccaeeaf0459cf213', '016ea040f6e67b9f', '6847470c8d526b63', '737cf699ddca43c1', '9b1a1c57b6ab8725', 'd089b14342423e3a', '050985262a992352', '414f21717156913d', 'cf40bd554aa0d766', '6afbd0fdfd966856', '25b5a918a398c3d6', '5f50b9e63f81a3f1', '371a211adb0eafca', '2ccede9149674d8d', '61a38f1c9ebcdb6f', '74c23bd6d0418690', '48b739caaaf94dbd', '0ef786459b090eb5', '01a7ec780893d327', '6e4ef9cc9ea8a691', '0872edead30e1fc0', 'd4fc405784c69458', '8fa142558f4559da', '87bf351147c0bdc8', '59b24f56a6334b4f', 'adb3b38e41fb88be', '753630aea995b436', '0b2feae5693623f2', '976c3db9926c2ac4', '54f7cc8b5d47aef9', '2949a518a4f88e78', '19ee23d37c1714b9', 'c3e5161937687383', '2346a5adfcfb018e', '5bb1eb6e424060aa', 'a388912566bb653c', '6b655052f06cfe2e', '34a41a3cdeec66fd', 'eb1448d461caac99', '4a91b0efd5168428', 'ce56dd7331ce74e1', 'f93d316f988567a8', '723676a353af69a9', 'd4fec046473c0ec8', '426c159a5927b7ea', 'e9666d4f89e504eb', 'e6a182cab3ab6d6d', '871ced4a92ee71df', 'f3bd4502aa11dd4d', 'cea5e69d9ae7f21b', '8334c55a92d96fd6', '355b00abb9e409f6', '196311f081ed401d', '29c86286ccb1150f', '183a303c2697653b', '05f545d3e44284d5', '45511099ceb4164d', '02f24e9c5ccef94c', 'a722c673cb92b7c0', 'a499e8fc0abee194', '1aeee94670f30752', '5f4bf66695ac0901', '41b431072bf41d72', 'e7868216c742c207', 'fe9a86b782206e34', '6d1ce227f025421f', 'f83452b5c836af83', '7ad42f7c9520f9c8', 'b4538370da2da0ba', '7df908b4f0af483d', '5b1e461643fa996d', '0f1eaaf48bbfbb15', '7dcf0ec7c37e7134', 'c4739e144bbe6996', '36201b8235a6f4af', '9a0bb0debd0f00de', '5f0f80924432770d', '15b0cc8c234eefa7', 'f010355bd4adc4f2', '69f47d6b15c33c00', '9bf54e1331b177c5', '311394471fc0d8d1', '766e058670ee40b5', '828206e10ddd4852', '9509f12bc9f4f2da', 'aa332482d7d7d5bd', '2d1b4f2b3160194b', 'd54b85a39302812a', '7681c242f66ab278', 'e2bf6c52348f0d88', '6b9521ae6e503292', '1b9b0899dfbe4323', '4e16e52a4fbadbb7', '0ec3d3f992620bb7', '765621cf35e4b1a5', 'e3b7a025f545a751', '9e6b7319618f154d', '2df19d0f919bf2d9', '963d42c09e907f06', '6f73cb00c6d2b054', '37e91c190e937a40', '94ca3b06e57f71a9', '788984e3836b1afb', 'f6376609ac3df9f6', '12349a15355eac48', 'a2cc234485d4284b', '29213a389ffada0c', 'b1979bef25e4e969', '5affdf8165b23575', '76d1055e92748ac5', 'c8f6670fcf998803', 'a1f025e3db7a2b41', 'd116ac6d804d47d4', '60e5e64d07825a03', 'e34e0930ecddc976', '39bf6d9dfe6095fa', 'd7cbfc70a9358f03', 'b9a14cd2314cf28c', 'f06ec4e860963067', 'caabf10e59571b11', '1fb3d47f50e3f4c7', '9ab734eccd549bfa', '624606cb6e229e79', '1bb69dca5aa8d637', 'c8828ccf54db64bf', 'd78bf349ffadec14', 'ec5a1443b7f8f864', '1977117ad074e310', 'ceb9b2d79ec32768', 'ffbd1c21db9d9aca', 'f3f26ebabc75a2ea', 'bdc1bffd4c5466e8', '77280f9f6183f768', '2b3c4068f2763f81', '94c6cc9197a3de13', '99b40d693b68b9ab', 'a37bc27bae034565', 'c5583a17f70d78a0', 'f60318b81c0a3697', '806eae9d542917f2', 'a09e6d59648fb1c7', 'b2cb73bdafdd5829', '52ab023ed6205598', '7473b58ae2d81f40', 'f15e6a374a65b547', '1286720e3989f049', '7f65cd06cca01629', '674d55bc68422dc4', '79a0757c9090b2ac', '3eb4f363456c791f', '3048c1aa031cd4e0', '817afaeeccd07b25', 'd25349a9db3fe718', '0a02e1cca9420cd2', '7a9879afe9de61b1', '32e3544315189189', '4ae98c2af83e47bb', 'bf71740021003ce9', '46e909d3e313c79f', '108645a452dbd4c6', '6bdb30df6f80dce7', 'e8e1d6b9ac615a40', 'fac94b47251e937a', '056a6310ee1e6f5d', 'ef0685411bfbd625', 'edb13cd33a6f6678', 'a0b55467c1cc3c50', 'c12effc3b330651c', '6b1a48b85a261a82', 'c3d4f05cbf965d8d', '4423aa5bab7b816c', '253e2d238dfd2a48', 'ea1a6aa0b161bb40', 'ea1841c03db75179', '04148a133473093d', '131eff17a77f1850', '0be62fda6bdcdd58', '8683f1763da7ffd0', '5d8261917e1c1c1a', '9c1f05546f47cbb5', 'e929adae8ec72cb4', '7caf4bf3fd190b7a', '553044af0fd2fa9d', 'e729ed51099ecb18', 'd69f0e0f985ab781', 'baf70fd80689c065', '6fa07e54161e4bbe', '2eba1a640d21abee', '88a395082aa1c441', 'f9a9d624c45c22bf', 'ef8c47bb6564af6f', '7ba930dacfbb833e', '711abca47ecc2c7c', '894eac2d252c2258', '28e12738f758aa0d', '3765ce95101f3e20', 'a774b309ab190d0e', 'fe0965820bd04b94', '8cde9f0852ad403c', '5b18a8af145251f8', '2a3e0749058ad1fd', 'af72fc5805542c63', '74d27ac72f5883ec', 'be80402572e46b81', '0263d509b2378cb1', '744ea6e85e10d55b', '80768dcdf5f8ac9c', 'a50857145a69502e', 'd6fad9d965ddb432', 'e759240bce1f1587', '208c8919d405b189', 'ae5a22a79262116f', 'abc2fe9b86c05951', '38fe633485d2c05b', 'a20594466de66cad', '4211d262cf26ffee', '1dc2409e1e079947', '37abbc1ea6147311', '38308829a5486626', '95b0d6dc921a5833', '966d1c56b6d30634', '4b74b9931a470486', 'c58299a404786141', '91dc63ba4d502ee3', 'b4e28c05a7df59f4', '42d8f45c879cdcee', 'ceb71614593484ad', 'ce1a5cab46abb621', '44f4da49161b398a', '0be43bd9a96cc235', '69eb66bd23dc77e7', '7d31a5b517df2490', '768b8f4d2f9af1aa', 'da6899adba92e42c', 'ab8c2f85f9a86c4b', '57f92e8926c33d72', 'f7f53cf43ca724f6', '19ba35b876d425cf', '500de6e1404f42c9', '2cd9f2e5ae12de97', '62aafd4e57db5f92', '7282b9381b1cdd38', 'a1c3e2bd67e983c5', '7958a1645ab69554', '2a8098055e0092b1', 'fa56283d78c9a6ff', '32ee681848977523', 'def62ab73aa711b5', '5d1c05402d08b1d4', 'a2adaec7b0fcd836', '808ca3d099635f8f', 'a2f9ffcfb1a4d4bb', 'c19b718f27f46c47', '279343962dd4319b', 'b867d8db880106ce', '64c6a7141a3082c0', 'ad6a0d9fb0197cf9', '0c6b34344e60064b', '9f358ab8bc503eb5', '436f5d5f93b0d75c', 'ab0dff82118679c3', '6e0840b82275296b', '0c02f366b1fc8eda', '189e178f12469f76', '2ce2a536d8fc45a6', 'f075fc611954e84f', '1c239807b3d626a2', '9fc965b66b4581b6', 'cd75e1ee3747351a', 'ba3c86f64dc69d3e', '44308156eeaac368', '86352206e3f7bec2', '28d47179b8837665', '5b1de426efefce75', 'f43bf92ea9e6b821', '5648f953ed54fcd5', '8b60d80fcd2cd5d8', '1a22709e169593d2', 'f039a240f732556d', 'f6775d5a4bc23788', '3816bb69addc3496', '701445a1550c780e', 'b46706eaf81e32a1', '47068498d19c2f8c', '99a2fa9209f98bb6', '295f8862bdca933b', 'f4d10ff21b2d8533', 'f1d798618653bf15', 'e6c61f17f3386093', '5ba7793eeed08373', 'eabdd87c2324a314', '58c6e5c1bbc20967', '21f6e96131b180d5', '96b6b3d301cb431e', '26fcdbf173bdfd85', 'ed754a77280221ec', '03c3126d87f14ab0', '3b39c7f33dce1492', '3d2e716ee2f9fc34', '13ec6697fe7a7e52', '3acea4eaa93eb17c', '12bf76b83e6a4d15', '9bbe8a7d692de452', '6989e8532a565645', '609a8703e0539e32', '577754637347445c', '4ff7e02219631d4e', 'e5661d91ba1112bd', '06554fcf56b05fcd', '04600ca9dcb8bede', 'ecd2099fb7cdbad1', '877fa844e1f89737', '793d08c4e49d03d5', '6731abde2580c175', '8e79fd6815903163', '6eaf2bca9abda736', '65a11968e7a47ff7', '85d9b6490f572918', '4f54b4bf4bf5982f', '82d47a787a6e993f', '79db4a55ea61d4da', '637ea714597a0676', '4209dfec12510fae', '8d87b12dfcc1a6f3', '7ea5ea87327f3e24', '72098999c426f0b8', '363ae415d8ce6b82', '54d6bcac4dab97a9', 'cd4d47e8187c42f0', 'a4fda889153ae405', 'ec2d00156a23cf9a', '12ce9b44f439a585', 'fc88e8020205794e', '2e4499ddb054f8ae', 'fbdcab8481aa5e42', 'a76e2c0bdbfa5af3', 'b718a21fa9918332', '82582b45dff35c50', '450655683c83ed19', '9c78bade8ec7dccb', '8d9e9fe3e2a6291d', '034dffdb0cba0c21', '70567701e9f1bc79', '7294143f2c8d85af', '827cd8a98030a810', '263c3e9959c6a7fb', 'd96b03879e7abd5a', '4bebe90b96cd64d2', 'e8e797c3afe3bc0b', '23c6de92a180d18c', 'e4dcb0ecd30fc78b', 'b39f959d1c55231f', '3efe4798f9b3bc9d', '3712c824accb8d40', '7ab20c703fa76aa6', '7712a901b819081f', 'e1fb39e43850244b', 'd908afeded5668cd', 'b0bad2e1875c09b2', '03b1f963e4183726', 'f0b60ba8719e2fb5', 'b0f550d2a6dc667d', '73f36ff2e8d673b9', '7aa14cda92af60fa', '1e5c4263d4f553f0', 'b71c0a6a2b6f8f3b', '9d2b4c8c67053b16', '81ed9d3bf88fcd0d', '3ad4b2ec84ad41ef', '6a6bfcb3c2563eb8', '7685c7fa639bf2ef', '2b40b75fa932932e', '8d724f0542c61655', '2063964fbcd5e943', 'f2b56c306ab3fe2f', '18a4c67fd6836eda', '4b208faec35840d1', '20a35a1d1358451e', '28f606ff6dba3ddc', '2fce65d63672b011', 'a200016d6d6fedef', '6b93654c2d953375', 'd48b25de14b7e1d3', '25a7fa30a7102795', '96903e071f0655a5', 'eb2484e0cd715ab6', '83231bc5b5125e5f', '170a3f158a53bcfb', 'c7eb10221762de7e', 'fe9b2bf07e5019d5', '006aa7e68b5a23bc', 'd38f1156def67127', '40df6f5b6138991e', 'bafdec6e7c93a0e6', 'cd7dc33cb986d601', '5e8e96cab2d9613b', '629f43c593de2aa2', '60ab2305f62ba121', '454ddce1e319e921', '5d7938889b007e09', 'ac5910d7cbd980fd', '073df1af8a1e8686', 'f1b9ab456d08c855', '65d41cf5ff43eae1', '0bfe2edd3de9f818', '8333308f0001e378', 'eb447572e8f6a5c8', '2b9178803448502d', '9e05c1da2b68346b', 'e085ddd78efe0966', '15e85bb1c54001ee', '7e23a774508e0af2', 'b5ccf883c88f68f2', '7e815c03aa4d2aa0', 'e6a794d23b3f483e', '88f95eb90fcb28f1', '3406e3e8ae84f2fd', 'dde8a007bdd27e50', '73ab65d1df69ee05', '60adf420037dedd4', 'ad3022d41305a715', '22f9ae5c9d4cf169', '4732e45385f76e8f', 'b320cdbf33d192bf', '312408d20b0584b4', 'a369ab922c63700a', 'ac002aa6fe716cc2', '25e23902f3bdd211', '40bdfb13b7dc295d', '2735c9e2ef438151', '8599ff2d322ec66d', '4e1a24a4b974db6b', 'e3d2549d769f3d26', '1e48e776bb0ab0cc', '8dc36743857ec89e', '693d9aefea42e580', '79ee7ed0792e9852', '7223f46855e63a23', 'ab40462d5f23b56d', 'c061be765e422c7c', '30767febbb5dadde', '56419fea6b4e91d8', '45d8458e8e46d403', '7847d9e9f82b600a', '242e4cff64907a63', '25dc06c406f2bb95', '2c63ab8286283e7e', '72aa7a4272f13373', '506838695513c122', 'aaaef7683889637f', '8bfdf1079e822939', '56ea0a5307108277', 'a1f3e067f18613e0', '52be8a39931ceb90', 'c996ff768c94324f', 'b8cb3d9e969d729b', '2d271408afb3302c', '52b32c4179a16ccb', 'caffa02a279c508c', 'a08f2981b45ff4ec', '4d8ada86da883faa', '07271c78ccc6bf9d', '857ef568bb16cfaf', 'f0bce7fde15fab38', '3275e777466bb370', '9b4e02e35c0234de', 'e9082f95c6a87a78', 'aa7e3beb15341b8a', '9b21366848e6e9db', '929981a707079e80', '31c3fc3630435fd4', 'cc7ab2fb317c2c7a', 'cef53e7865b056ff', '8bc7c546ecbf6014', '8dda4ff2b27b7bb4', 'ab5dd560a75c2e96', '30b0d61bc8179434', 'ec0a7240f30d0d94', 'b536d619ac756b5a', '0790516463eea40e', 'c44084175cd1e344', 'b7f4af42d407de25', '5ede700e86fbd226', '255f12ab57f2d6b0', '5261bed1e4c1d401', 'ffb83f35f7b8bb64', '702dd9d9769a6150', '41cfebe7b1173843', '668423eac21ac539', '11eb531bbcda751f', '82376317d51abb4c', 'b099f85beee6bc13', '44378eb44568a843', '73774b9765be0800', 'b237516a189d9f95', 'fcc31a2ad6a4275d', 'c8982a27287aafc6', '331df4ea71c84e9d', '77aae5ae4d0f0295', '435ee44febae4234', '18835068e7d0e225', '902a18094f7db410', 'ebee2c0c0c68830c', '42bedf389228a1ca', 'a84c9913a0751f7d', '543b43afcd1deac6', '22851a72695ebaa5', '4e8616d18694ea92', '6f0a26fd3b0e7ede', 'a348be44c9455717', '6632978aaa338073', 'f4010353c03e0b8c', 'f2233d91f58d85e2', 'a45acb1902ef934e', '9af95060313b8ad7', '62eb349c8693f4e6', '9df3b033907ecdf5', '8cc0da4747cd53bc', '46738dab6acd6d6a', 'd3b4c1c568ab1d1f', '870451ac5f0b134f', '8f3d62ab407d2dff', '5aca24929e0fc335', '7d001c2be2cdbd04', '122201515a2bfec8', 'f495fa7fb9b23dda', '8d70ca9c71cd890b', '7a3bfc24644e1bc6', '3e042b8e7e98fcc7', 'ed9cc08525910614', 'bf36c2fa3cd5c248', 'd90e01a4dfb03758', '80a0699b69e0f98a', '23b1e82a6246082d', '1b0b999d5a26be28', '5369eba88a2c79c6', '1a66981a0133e4ae', 'd73fbd563aa69442', '0773dbd3719eb549', '705c742bbcb652c8', '48390af080de0e4d', '06eebf1bc04e99e7', '9ea681233dcab064', '001f5259ff7d76a3', 'f906c7eb965b67fb', '26eb7b5946560783', '4b3513fd75d27f9c', '6dcaba75ee0025a5', '7fb3a6eae4fe55f5', 'f123780401571eb5', 'f7b324dcef70a617', 'c249343c5f9cad8e', 'debfc5fd47ecf683', '6aa9ea22a94ca31d', '90a66b5f7fafef0b', 'b9e69f1f719a2e91', 'd078615c79c810a3', '7c9638013289c668', 'cb2a110257f58d41', '65995b40bf4a9011', '5e313b15ed05a7ae', '13631dbbd0822982', '8b4cdc51f8ed0497', 'b01db56918420958', 'c9a34f92b0f27c82', '7a33b8366c9a0616', 'c153e80544599983', '5e1567b61bf6db2f', 'dfeda8b352ccf84d', '44e5bc44bdc3f977', '30e7bed67398a544', 'efb060f5a8d32393', '6c2b63ad0253d4a3', 'f08b95b5b6d1970a', '22fe8847213d58c9', 'c52d4a18456f01a3', 'b39522cfa585272d', '5aadae8354f2d2ad', 'fd600601a1257b10', '2933ebdc5b853c59', '44c7ca9438c983d5', 'b9bde635fc827a95', '975fb82162dce05f', 'b617ef0b5f834008', '8563272c5027a1a9', 'cf60f70420066623', 'c5c984d97f37a1e5', '08088e3c99b67604', '5fd07d4052df21cf', '518fa03e31f5a14b', '3ead1814fe71950c', '6ac0dc0ba2465356', '265822491e551c8c', '4ad7818a7fbd9e2e', '008d2565736ce85a', '640f390137e6da68', 'bb910b5876c6af88', '0a8e7c7806a9b518', '4e6c25192c47897d', 'e7ff4f846dab7d39', '6f6f06f538311369', 'bc469e1938788152', '7b4f2a1912b28b39', '94935d30d1484ff5', 'a8c3870b7e886eaf', '079dbf717baa1fba', 'ce4743792e31d4c1', '1c5d379de8926392', 'f9eaedbd3d4d7915', '9708498489221775', '9f95e88badf9dcbf', '3aabae546ec96afb', '54075775ca42082d', '3f407aab8fe96f29', '552703ca371b4f74', '6723edf9fd802d34', '3214a9d6f23d67bd', '8fbcea4d887ca18f', '08f197f511e1f815', '2e1f45ce63994ead', '1f744fb3d4906d61', '09e3694b886a9b45', 'c313d12b09ee4499', '091c1290f6903e2a', 'af67a8a5d5005d2c', '920467b253726008', 'dba099ca2a991988', '6c8e06759444e1a3', '88e6bc4568458d79', '9312d36ec6d0211a', 'fc6baa0240b7bedc', '523320650d0d983b', 'aabf1912ab177ce1', 'b4a764fad7842218', 'ae4cd5ac8e7df1d2', '60573a3c6168965e', '23dab0c0bebbdd81', '0d59c220d8787bad', '45f40f702e1f43e9', '8d2a4ed315162270', 'a16719535ea68757', '3b144dc0eed55670', 'ed1d4a2e5e7d8bdc', '80999c2b96d90773', 'e2c2d3e492aa4c08', '6b68c1d0465ec31e', 'f85b58c46a4f9e3b', '2c5c32180e7d7e09', '39e77cafdf0d0f51', '2e5377a44eed9b25', '3e5579ba8f660f13', 'dea68c5af254fc4d', '524a700b87fef8d1', '7ba3e12f65c1288c', 'cac8d7fbe23f0e30', 'a420bd77d9551e40', '768cc2eee9081193', 'a44b6f98d041bfbc', '70ce739caf8f1ed7', '603450c6008ddf69', '24103044a3ed546e', 'f2f50969b2d5816c', '5b00c8ab68ca2449', '0137406247bbe63c', 'bdce37ea6b7c434e', '5347ccb82e66716a', '7516f05ceaa30bd8', '31acece537796585', 'b4c1a76a5b668f0a', 'c87205ce2b1bd486', '7c2ce45449aaff3b', 'a98accc73093e451', '7a100463032282a3', 'e4f0d274d74679d6', 'e222d1edfc341e7c', '46f01b75cc1ee9e7', 'b11b6df7eb8537cb', '80b5e00d448f6da7', '72312197adcfe218', 'c2a9805d58a2d7e7', 'd44e9f81e3cedfdb', 'b90b78868d60ea82', 'a2e3329c9fc56ba9', '7fe610d6823d413a', '2798691144a7c31f', '04cc4cfee4933967', '52924b075692965a', '5acd37ad7ed23db1', '9030eb54d796f8bf', 'ff1a8d081ba5dc90', '998bae238ab6dde9', 'f583efaecfbfb4f0', 'f4bd8e3793326478', '86cec1fd4eda6c71', '162da3fe262c8830', '63f9b34ba60564fa', '2b799921568b7435', '47ed6a0375b67112', '489f41dc6324764e', '34989ea92a9f60b5', '26308a2df5cb4dfb', '5bb6f0300bca750a', '0ea188f7fae7c482', 'c2c2b9ba189ceef2', 'd5d2d0a555c33e94', '2733900d53ec59f9', '7c6bdf8bb11d5b21', 'b17ce18f8fb5d285', '0aa9bbacb37537d5', 'adafee4496913c49', '2b9ff45cedde7f55', '6e2b67176b238bfe', 'b7c3276477925a6e', '38497b49b61c5b64', 'b4cf642e7c930afe', '9204aa70bad55532', '5c63f05f301cdf38', '74a44f83f5d0fbe7', '62560b4ea76f8730', 'a6abca8ee93a797e', 'd065ee8bec408c87', '25f3cff34cec0d93', '337e6963ffed2d19', '5f8752a3f656162e', 'b3efba7597373a26', 'e1c5a4898f8066a0', 'b1838f245ae9f3d3', 'c3b021e0724124c2', '8d10838e29fd5b58', '80e9665b42923008', '788d26cf64e83b60', 'b34740181c6fef75', '4f38ff58ad32d04d', 'f429a9e4d6586f47', '2b526dba51e37b32', 'df9691bccbba0f0e', 'e37312a0e7943819', '74d6f24b5e238404', '8355a20aee2b6693', '758f045b596c648f', '0d65b0dd7ebb0b45', '98dc6d8c3c247872', '73ffef07ebff8efe', '928b3e53da82776f', 'fef18c10af400d83', '8959e8bf728a17dd', '7e5d998d3d50c219', '4d9be03b4938390b', '3fec36ae61b06fe4', 'f3caf6ee5900f519', 'c929e887791d7ae7', '41dbac58ebc72c44', '808a312a27477c37', '4c00d62220456eda', '1eeb357088a1d020', 'ddc05155faa70b92', '362f91ef88217ce4', 'bb50306c4803134a', '52e0a409a376b0a7', '037b5eba5886e440', '5cf8378b7935d66a', 'e57ad2cf6ba45a3a', '85be530d35b52b92', 'bec6666b56080cda', 'a8bbd82c188aa6a8', 'da14a94795ecf434', '6fd5425d467590bc', '72bfdb3419edae29', '62ca0e477857212d', '2a8086b05265ec0d', 'ea31e52d06cbb132', 'f539e1cf38d56571', '267b83d9097efc10', '55bb674c565f4803', '49cb9952aa8b5ef4', 'fd105c810843c4b7', '0360bd533da10147', 'eef804b4a42d70d4', 'd8ad9cacf1bb556a', 'f43e830a88e8f831', '6f9e86de365df083', 'e15442ae55187a53', 'c89e3f27e1e9c963', '0b04aa05d827af11', '175fa4f59cf98796', 'afb10260c4403442', '89413b1253a0d3a7', '04e9cbdf7942c8ed', '335b51fcedc8929f', '2fc5f2bbd78274d8', 'e632d71ab42f7f4c', '936cbc50f51902b3', '16318e967ebfd12b', '11297e9d9436607b', '59e9264a0f51a235', '2e684b200ea427d3', '9bad8007487426ed', '1f19eda894011ef2', 'cdda5a8253f474bd', '0b8833e75014f58f', 'd7df7a7e7ac6a532', 'cbf6c7fc6ccf38b7', 'f2c8811c4724ff72', '4ba6572d8a07f49b', 'f4264b757b2c9c43', 'd676f8420209988a', 'd5cd76a59af965d9', 'dff27a31542ddfd3', '4100396c50365f83', '2e28b3acec9f7b7b', '0eb4cbf64d0ac5e4', '7c3eaa1c47319766', '5f30df225a74b8b0', 'ee9d4cc495b06272', 'ce2576936e713999', '6ac7be231672c483', 'cd54a225f4b151a1', '753013b4a320a8f3', 'ca1503b9aa783bbb', '2c6d3a63f9b3f1c0', '66a8e69297fdbcc3', '4d36b03b6f1a895c', 'd6741995cdd4690a', '7eae00161d211ba7', '646e986689d19452', '2615f45aabbb0d73', 'ddf8aede3363cb99', 'd9c1a02baa26e4e5', '9a2a603cd56e91f7', '9364d65a5d301f65', 'cff49e7ee46d7554', 'af62744fe9b98d23', '425c25948180620c', '6fe2d3175bc9104a', '4cd7a84e5e886e1c', '93c88c191776ef17', '9eb69decb7d2fdbe', '710c0e9ead2f2bdf', 'c13733d5a6e0e97b', '90a51baaf0597c50', 'a3f56f7ecc0a69d1', '4dddbe92d67414a1', 'db0254cb294ffdf4', 'ef53b004c09b43eb', 'ba3b63ff139ab36d', '2cc14ee2e5cb296a', '29ea63a51c61d5d6', '2695f466a28decd6', '0dc60d91a36c2855', '4432ed6ed6925f9b', '4cbdd0127bf3eb29', 'a908526ebb42d038', '8aad884afe6299b3', '98f8e7a8fea9d762', '5e3c2b7a56a359c0', 'f9e8ffd4ffd5a31c', '1a7c48e3cd2d65cf', '29e7909c9dfa06ae', '26d7cb2aead651ce', 'ad48602858371d45', '650d42ce56b4ef23', '0a90239bb63e83f5', 'b711c486e40fefe4', '9f2bfbbdb3a57dd9', '75522e173e2bd798', 'b291e426075e5bf5', '0e8114b3dacb1a85', 'fdb2c6f685e93bae', '6c5edbad041761f9', '763dc78f155c1864', '787903e18da6b07d', '6cec69cbbcd00d20', 'e0841155e16775ad', '0fed7e85fa4393d6', 'a1b598a132e430be', '705b45e75eb5f695', 'fecccdd055c4e8cb', '68a3b4a1c8f4efc4', 'bbcf818d4f1169cf', 'e9d7c8cc2541f2e0', '740fc361e908cc3a', 'f3c1d14ae87c97a3', '2f1f9d5871e71875', 'f256efb87811ffc2', '8982d79415b5ae88', '26685af284bed140', 'b4c2f4b28d26177c', '58789231ecc2c75e', '20a9c7e83346761a', 'c91c2a38e2a97a3e', 'ca62b1372a0f7d2c', '182bbeda867c74fa', 'b317b0b8ba0fd97d', '151ceadfb70afc62', 'b61a55f188127701', '18ad19f5f0892275', 'c86741d1c3a2d55c', '301fe0941c8b2f78', '8f5f7ec0115f03f6', 'e0d2342b73e0901e', '169ee566361696d0', '6e3d13b1e21c815e', '7e4de29ed218f95f', '74766938f493023e', 'a835d2376e99fcac', '8aec4d5974256d74', 'af6e76c2e6680525', '10c981429f8f68d0', '258ddc8ce81e88bc', 'e4ef858307aeec23', 'acd6105549895208', '4a146097d70450c3', 'c94f174f40d669ff', '628598aa5278ca93', '8bc1747bf4a87031', '2c82a16b7ed033b1', '543f8a4868b40b37', 'e7ad0ba5b3fd0ea8', '9832ebf11ad2a1b3', '501d4828357eb36f', '1cb6e2ae654e2613', 'c7397b96778f60e5', 'b9b0005e010a3c75', '146ee52066f3d069', '6094147bc1f7211f', 'da80a66fdd27eba2', '10f13e297bbbc71c', '61cf03e6a6522e49', '40637bb67c24f3d9', '502ce0721c3a933e', 'b1f685e765fbbbaa', '95aa9ddede9b3ea4', '853515e014a0401b', 'd20c17a0a36063eb', '6d595fb994a30264', '867a63755007cd7b', '9eb3ed5fea171fd1', '98605b39a562e0f9', '624e3cc7ab2738c5', 'ccd823783962aa1d', '67946c37002e8873', '9921e371fd3013e0', 'a89b093b4f90557d', '1a7e59c2dbabbef6', '1d18ab19ab4bb972', '43b73c2b8fd50e00', '955beafa7bcbca24', '2f3621530e237894', '3a1a538182258229', '767cf8fe113c5c87', '244220b292d656e2', '21348489db437e06', '56203ccd9a9e01e4', '89b7ceeb7af56b28', '985a857c9bfc607d', '06976cee0e327f0e', '54614433bbdf144c', '384736e356f023ba', 'd15d79528a17bb5a', '50c11cee40b03ef8', '0ca2f7dda210b639', 'a93c8b264cb94cab', '8c42bee643e87b0f', '7371c5ef183eacb8', 'e27cf42be83860a9', '3398ba3e878fccfa', '924145c575b8c957', 'e5d4bef3223c0989', '630a63c0db1584a5', '68d5fd4a6940ef91', '66be7273b7122032', '3795022cf9bf192f', '42ca3f0e2b614651', '68287737ae98433a', 'cd0b7bebcc633e0a', '2707b3ec275687d6', 'e0f349e12d4ddb54', 'edde381d0af039e8', 'e846a9ce018c5f0c', '7ca5d62a4a214628', '79aeef7b45295a7e', '2f50ff3090959d94', '80fecb924bc4e770', 'bf9676cfaa1ed98d', 'ff638a6431b49033', 'a7bd29805df81706', 'e84a8d0f272b32a4', '5e39802f0901d798', '56e53b7a62821a55', '2eab2c2a28d8dbf4', '310ff6e8e2557b68', '5ea1e7e25eb9d9c9', 'c93b538f5f71407d', 'dfb9220b11f6e70e', 'a1c1ee40124f8bb8', 'b797eeaf77965be2', 'cb2b2e7ff3f0cef8', 'ce0f48ae8a38d08b', 'fae61e49b2062948', 'c6392ae8e2e853df', '0c58f32dadaf8d74', 'eef1a67878be986c', 'fc50ae2ffae24aa6', 'c8832d751ac88304', '45b60554b7418e7e', '11178ec06e513f0e', '9941e253eec712cd', 'eb64436b202b9cfc', '8aefd61c33d9c693', '5aaba9e47c274d2e', 'dfb2197fd8cab112', '1c4199850a540b41', 'e5e409450493ab8c', '9fd94c26a063cae7', '43e9dc23dfbdaa34', '2c9f0466d7b96364', '9507d94a86527a72', 'c45de485ef2ddbd3', '7f26e60d63dc1b0e', 'c59a8f0b6d32db1b', 'b31ec6acc44f4698', '760236d149866331', 'c6db08d44bb3f129', 'c9cc293990b6017c', '3037f3ddd3ffc564', '139f3d52fa96dc52', '6de1feb574ee3379', 'f0c4eaaa99e0b52e', '3775a8e853d2df43', 'd51c907d7529fb0f', 'b29854572d076eb9', '2e6d34f7357d0d19', '627728d8ef10fad4', '5c3b845a13b71cf8', '3724ab099dec9a58', '7e59cc7972727070', 'b57fe801a181ec86', 'de264a0bc0a42d8b', '19ee1a8989b4a2ab', '9b46e4843e819105', '128b0c4e2fb59703', 'ad55694329353aa9', '69ceb05429534b5c', '7c4071596e1bb73b', '7f9fa49ac10f2e92', '27608484621d4edb', '2837657a06f94e4b', '4be1c5e131c34fbf', '8697c5532b5700b3', '0e88b02ea7bf3f01', 'a974f7022ac86fd0', '8e4775badc28c8a1', 'f2a4777a20cc9701', 'cad50db77e94e073', '45f403411064fa81', '8541b86b933ae6c4', 'd1f7af9852d6ed15', '3a58da407c4c2518', 'd3c4870fd0fb52f5', '7fd9557b481d5808', '2f76948f94634072', '85d2d8d97bd6542f', '087c8affdb041de0', '22925928e1bc6c47', '6a71426ca3d3576e', '307d1abfc16a9558', '8bd67989d626398c', '85a35ae6a26050dc', '6641d6786d83851c', '5dde9d86548c4b15', 'dae217e98165d4e2', 'd90abc7ff8f7ccbe', 'd4f0e3b6073bf01b', 'affefd31a2e52862', 'a997bfe43edddca2', '957044a4bc0f80f4', '3ae6ada41d12af68', '2037a8ee7d9a406b', 'c2588e77c7d5f093', '209bd9decac9370f', '34a4a681a662c359', 'e8bc2f965e21d5d7', '0b7612653132fd4b', 'cdde90e66f501030', 'a853ce1b08e12506', 'bcf92ae599f54fe6', 'e61da59ea0748a49', 'd017c0b0d6bc9c50', '8088820bf67e64e4', '8fa91f0ac99d0b0d', '38d0dd770499a001', 'f7d728082b64deec', '84988a9bc628b517', '80472ccd95999496', 'a371b23c22c20b98', 'c6384027e092dec8', '7c60c3adbc0ca75b', '8fd199a4f69d0401', 'f9491444b09e0840', '134a6b6da2a4c4ca', '0228b40928d091b0', '89aee161e04684ed', 'e0bb36303b2a52b5', '83a97824eea37520', 'bd20c5f5dd679dd2', '7e27e65fe0c42af0', '6f6be14e1a137768', 'b48dd8efa44656b3', '5e03b8d5145de7ff', 'bfc5c4d7fdf620b7', '63d258cb74286473', '7ccbe6b556c0713f', '19ded38bcfac9b61', '622581689466d618', '90b5d25f454308f7', '983d4b4a100b098b', 'bc1d59b93602e50c', '7f5f8ddc93c3c730', '1034035366bf94f0', 'a55d60673896a98a', '776401cd09543ad6', '9261ac470c12b91f', '5308e2b735c4e899', 'bfa7499fd11bceaa', 'af06c328bf0f9e5a', '1ac62a63feca6f41', 'e311eb0248166f3f', '593d19b11a9c02a9', '23dedad13c2af72b', '9444fb70c5f74c40', '3c6e85a4e599b169', 'dfdc80db92970843', 'd65e5e577463ef5e', '1a6e175f62a8b2e2', '43e84386250b1093', 'ac0a218edb16d931', '0f625710b05ffc3b', '26219d485e41a949', 'f3152cfb456f5bc9', 'c2fa642a972d9db5', '44d582172b4c9100', 'e05e244525df184a', 'c21f982cb315a7fd', 'fbb403be9bbd13a9', '83074d77a9e77e29', '7128b7d8b30fd691', '20bcefeb914ba8ee', '46b4cc38a1f44f55', '2e50f9efa2878874', '47d3db1599514572', 'f566371524a21f8c', '686d15174dce29e9', '89e638789f2ea8af', 'cc333d7a68d9ecc4', '0464cdd5a78cfb14', 'ccd067d2ad468d4e', '56c860b916ad8d70', 'd745596b2527620b', '889661eda48c3d87', '3575c1dc54d72ca0', 'a6e3e99689b24497', 'd9c848baf0d775ab', '2425a6de74e99d1c', 'd4279eb662aa755e', '336ad07590dd413f', '6a15df27233fa596', '0cbe286d4f6a6fdc', 'fae50b9ae870b734', '6772e26855d5b490', '40848c37dfc9f605', '68eba9dc8e1726b7', '12414d347ec1cd86', '77d4c8d0a6708750', '052a218c0ae60225', 'bfeb1c01a8723e9a', '7183aeee658fcea1', 'f6828d3843444bdd', 'f2b487db9e5ddbbd', 'b797a35ceeb0657e', '1fb92375948a584d', 'de9cdd09ede4b7f6', '242e6b23c739b880', '9e6562750ae40a03', '64198f2836b14779', '9786e3d0f7cb2b41', '34128dc1b358caf5', 'e3c2e1d87e89bbd4', '38f4f24fccfa1d32', '613a8750ea4f38f8', '519b63c388b71709', 'f04c58748a033dd6', 'f61f25aa31d60433', '17e3c76e43cd841e', 'd35740e8616de87c', 'd829ab219d00a1b8', 'd5d0ff1acfd70edb', '8a7adc75056481cd', 'ab21e26e63a78f1f', '04166570215f64b5', '2d0bdf692fc05c36', '9e4c93b18dfeef12', '7ed32d86e45b996e', '1159f13a23b937c4', '08eb939550107c57', 'ad67d2dea72a91e0', 'e3b2c763e6cb5677', 'e128affad5cc85ba', '85703932cb79c872', 'c5c1d1b422f1c8bd', 'bdb1433377298d5b', 'a5c5a401b0c4e32c', '1e190aa5dda5e2af', 'b7d45007906bab50', '34ea3c8135fd331e', 'c0530e4e7b6e7d03', '7fdd80a5716a2b4f', '0646d3670b1a1ef5', 'b0a66ab5f1325e1c', 'a9effb748e0b8ead', 'ceac5a544eb869e1', 'd63fc3d37f702d80', 'd2a9d72eb9ee8530', 'ec4d11b8c659e678', 'c40511f7e1c61c54', 'b1e971938426ca20', '60b4589be2aa943f', 'c310b599b388701e', 'c3747526d5a1bdb8', '98cb36f301f91a78', '27a1f3b63bbcbbfe', '236eb83227f6a2ac', 'ffeba70325fbb672', '2188df68b143bd38', '84a972c2ca103cfd', '849bd10de06d06b4', '4704c5c856979a78', '40b2c720a18e64af', '4a5a7e926c7a3b23', 'cb383b25543dbbf0', '8f39a2b3bde12966', 'ac9d892eb11fa9df', '3ca7b5a6b6dc3786', 'f135edf2932b578d', '8ab4c64b891cc1eb', 'ed96ba67f1f93b5b', '175d56cd76a22b77', 'f47008acc1042165', '64ded7a87f45b9d9', '7b7510b565dcae7f', '938fa45d9d369969', 'e022f033e99634f0', 'cd77caf06449b8bf', '6248391f64989ad7', '06338df333abb324', '0d763cab75a3b0a8', '2a29d446a93eec75', 'e88188c3788f06ed', '9773495363bbf264', 'c8d3b716170aa783', '71176b80b180cbca', 'ed75783316d94973', 'f4763fd334fa77ed', '2d54edc780231dc4', 'd19c3d0272e9114d', '7f74e8d361fc0cdc', 'ea3395f486c091da', '6b78c07440b8a5b3', '1b6db51c46b18614', '53dc4faed3a71b83', '844aa62bc28fe22e', '6d61782ee59a86c8', 'dabab399d0364d13', '9e2d82dee9809055', '87782f52c231dd0c', 'a9506d877b44d00d', '728fe9d800091fbf', '204ea1877f4cb59e', '2ea7edbe6f225751', '876f5070c792b0f6', 'a727dd84359bb215', 'c5f33cd0eddc76c1', 'f1badaf319aa2096', '054ff240698f8294', '505f7eb7cba99f01', '8c48ffd991478869', '13da8200edce51e3', 'f239b6544ae53b29', '1eade195f16b5f18', '8752f9e1992ce249', '221655807e4fada8', '1824d4e71b220f4d', '98d7738e182c2f7f', 'e743d2c1813f85d1', '9b1eeae86a48b968', 'ec844aafed70eaa2', 'ce4ba2bb63d3ce8e', 'd9c0b9a0b7e3fc12', '043f8550db7abc9e', '88c658cfc298590e', '059210aef74c292f', '491a01b7787f01eb', 'd0063f5a2bb811c0', '57145a2c52640940', 'fad67d82a07ac239', 'b958ab068237e423', '557265ce4845539c', '99da99ebdfd668ec', '07d1cb8f07eeca1d', '8e0e5248f022f777', '66b1ff349cff8faa', '79dc8bc1d0183161', '8bab99b41732752a', '94ae1c8c5c2fef71', 'f000a442192dcfc1', 'c7578edfe24641a7', 'cd2abc87b7a5eb3c', '3d23111aa4e04ef9', '403653baf62c9309', 'c929b712612d457b', 'f9f0787216eaac4d', '503937516b2e0e62', '95e87d6cf5a48599', 'f27b92f61f1cce3e', '5ffe1914c491f168', '5402eb7c7e1a1277', 'dedb86faf1d7e76f', '15cae33386c2f0c2', '6387fc3c2b4c3bca', '263fba035b3db245', 'f2e566cf83d16222', '8b9757b6dadb4bc7', '80bd1ad8e4225868', 'cc6e26018ff8f734', '47399ecaf559abb1', 'ad420820703d015b', 'b3741002ac2298f0', 'dccee22b98a02764', '20880459673e6c7a', '20e2ae76b9960bad', 'a5e894701f0e886c', '43bc35995ce8bff1', 'c8b5df2724a5b99e', '1a6a4571470d2127', '5310307769278160', '247ce66da845dfd9', '1c236ed0ed35aded', 'ce174d3a2429a56d', 'ab319e47af6059de', 'bfeac23ef7cb10b5', 'ca7a60b0007e0ac2', 'f92d384eee61a70b', 'b9076ff3263a484e', '1286dfff0a2464f3', 'a2f05959f4143790', '244bda070775f6e6', 'fe7c52bc6bd38e32', 'ccd2ed6f7c3c7a55', '50479364a0ce432f', 'aacdef2160e493f9', 'a23c82a8ecfe0c38', '0f219083c2e3d4b3', '3f5d287f13ffcbb3', 'd114b4d38995c753', '869e8881b67f3e2b', '45802d18b099e44d', '115226da17581fe8', '97c17cf7df58acff', '31052c4b623443e7', '5a74384049ebd0db', '163faa2e0b4958b5', 'b8cadca41805297a', '7d6403a03ada857e', '0ad067df427b157e', '76b97fcc2c941b7e', '5725be70a7ae197a', '5fb8f19599fea2eb', '0b91bbd5aa818787', 'c3801984bca46f30', 'b1a7d537b0ec7074', 'df529d6fff706458', 'fd4aa70ba8dfe600', '96630e283f852abf', '3414fe48cc444684', '85a4924c994877d4', '849ce9c5bc26ad69', 'db7819429c57f9d8', 'bb18535e0dc76293', 'f23fd67fc876a87f', '3364b1dca8acc9bd', '30a7ba648aa7a370', '91fcf1770c184700', '69ab75b57d1ebdf0', '460fb6821c6953b5', '63c145692893f99e', '54e73c6e9a2037df', '4e936d2d128105d7', 'f7da532be3ea43b1', '1deb65f6f7376e90', 'a3a045e58bb825dc', '84c95c388a4bd3fc', '55c7fdb6f5aca11b', '4b68f2f4fd18a41e', 'cff82c9e08445621', '3d4b2cc6f2f01d01', '1df21bc936af43c0', '536208bbeae18ce6', 'e85a3480c0d3f620', '218c86764e382768', 'dc0073625bc1c840', '870b53870aecb99e', 'fef5a6e99e3c962b', 'a1f6005cf9f9fc68', 'dea992c6e1a29c3d', 'b4da31e771923905', 'cb9f71815afe55b2', 'c10872aeaa8bc01a', 'bd030c149e10693b', 'f63f8b7b0f506b0d', '99188b138d4e0186', '35ef4c165ca83b82', '3b9c97b1e1cf4dd2', '26a62aeaf3bac422', '26e362834cc77689', '2f826f2536dc83fe', '62c40856fbdd4006', '4bbfd5d8939586b3', 'd412da1a7aec450c', 'a8151024f201a85e', 'eadace0aeee3c63f', '0f35d1140bf7dd69', '530be4a5f74e168a', 'beaa60eeb7edc42f', '026eb031e1f33128', 'd3fbf51b2edf50b0', '103d2a3dabaed5a0', 'ae458197f478eee6', '60468157a0583a75', '290f6aa5ce4a3f83', '7c424dd2e4c04cdf', '6432ed9b2704faa1', '6408c86103566790', '27a7c40e8442042f', '4e504abb997de2e8', '5b5922eb4afe554f', 'b3774f92f6bc575a', '613b1ff59b870d68', '2be668c9f5ed3a55', '5e99315786f19ded', 'fe598e97fe90da85', '7e8e00d5a92a504c', 'd03eaee6f2f0638d', '0e86df174081bd3c', 'c36ab4f998cdd67a', '418c288f716d2269', '8da01716bf12c5c1', '204fcc994b301e9c', 'ac318e9437793343', 'e70eb416ff13f968', '6df079c57d5dd719', '3df6719ecf0a31d3', 'fd1ddd7803382f1f', 'bdb2a7ff2ef56397', 'e8967a8ac1c31815', '8928982189dfb5c3', 'dfb83e52f292b6ee', '99ea25a1ef966411', '30fd8f7bfa0e3e12', '38a1a0aa724ff787', 'fc8b0972cc3c8c52', 'cc7d05dfdda1f694', 'd37db8d7e6c1d75d', 'e0f249f0aab650d3', '97dfc4e7e29d45b5', '5e84f19361c5ea79', 'd90a6134f1ddec87', '4d8abf1606e96386', 'a532c7af2572085d', 'd4f496b9384e2346', 'a9b64dafd99dbeeb', '761964ccb4b1646b', 'd46d2eeec012ad96', '9ead556d042e295a', 'df2910a020251eff', 'c2269e1e2e22ebc2', '34493380fa98e838', '85b3c6d6413e74ca', '449b0cd4f78c73d7', 'f22137f5bc90534a', '22d6985202b90661', 'c4b38a48f64ec8c8', '2990048367b87653', 'b72c9ae9fabd01a6', '684adf0b2339c114', '754c5d21664df97d', 'c56ec12928469109', 'd03a98b7531069e5', 'b086ccbf3c44749b', 'f01448a11054bfb0', '6139c7da15671738', 'b0a88461d3242e63', '056a3ccbb0b12bfb', 'a1faebb92ea3f7ca', 'b4431dd93cda3950', '264bd8664ed3ea05', '0e65745ca10ec006', '0669176d389642dc', '76c5a0dc7e7e7419', 'a93e2d447cb625a5', 'e7502d6cd9d85f75', 'd3d069728d6182f2', '8413992096d6352d', '4d6271a02c5fd7fb', 'f54a99616132f036', '0bb2d4f1363bd417', '4df60058cee5f84b', '3d985c72ce5367d3', '5528523db4e57fb8', '72c4d603a6b595f4', '108991335175e2a0', 'cf07f11f0a817268', '87ece2862e535f37', '30ccf9a2f0bdd4b0', '2e22ba6b7ed4dc0e', 'b497f7741d72a891', '59d424253048b6aa', '7f25932ca3c484e1', '5e6efd35a8e8dce8', 'addaedb65dd23477', 'da4e523483530095', 'e77e3eec3b8830c1', '1cd4aa85613c826a', '5b4664db1d3626b2', '7ae5eb2ded24291e', '845dc8b89c60990c', 'f4ea85b75e983ee2', '0855012c66d862ad', '45cf161cad397e91', '25f0c7d7b53d2c47', '3c0875e84fa90af8', '316144535b74668c', '27cb23347802c6ec', 'a0cb7f1ab0d4bf46', '713d56d6b1513633', 'f43dd0adfb7ead1c', '4e062994b5c8c6e1', '893085932012e9b3', 'a2419e76b21d648f', '2ca475a12dca202f', 'fec76abe61f2bb28', '46a3c614a9317e28', 'c851cdb1d9af5e66', 'd7d0d656c0c4920b', '20ed666ac7972633', 'b37cedaa28a36882', '183df45682192b6a', '3b57f15365e6217c', '8b648fe4db6a3fe9', 'a1a652b0f92d7eae', 'a08840be5d8f4223', 'd8d9b3eb32152b27', '8fa34250cfec2273', 'd31abb30bd5aaf3d', 'd478ccecba888a1c', '0af4dcdc4b1b4e3b', 'aa7cf3ad86d41e33', 'b379418d70002346', '05aaebe71f0c6e13', '7a847ba8b88e6dc2', '65731276ee98448d', 'eb8236d8b91bc9b1', '51ed6fbcd0786fa1', '720c33c25483dfb4', 'da224b5f16efbd98', 'a6072f2ceb6c058a', 'ebefc169e4f7bfb7', '96aac313ca9d7c78', '8c5d02339b6f2a01', '73c6fef85c0ca3cd', '9cbd02df69082636', 'f2401093be7b6688', '26d47ef1c8bbd67a', '849f626a6cbf3a71', '61d52f7bdf99f8b9', 'd7d5e3d459e8a0c2', 'd10d9d685cad82fb', '0af8c46c2feb3e28', 'a2cb0592345cb3d7', '76f4d755b6676a51', '31316ca7807e4256', '7c59f49ad6fa4249', '3f2cd42ace448eca', 'be9ae07f600871a4', '4cbece24c176d668', '45ddf7353410a0e4', '8feed664746a69e1', '2b6074a19c49d720', '4e8ed4d59f3216b4', '8ade4f232a1fdb92', '3c720279a1b999bf', 'ba95574cc7136e33', 'c656c3f7c449ee39', '430423195784e77c', '96b51a06a074e732', '9705e419711d648d', 'b7fb002712f90d04', '94757973fea6c52d', 'f83bab77e0436eff', '98746b51ca49c3e3', 'b195b1c75ada85e0', 'dfd457622723c417', '4bc061f93ee63903', '12452b5da5320c66', '97eafbf6c972b62d', '8349dca85c538b27', 'bbac3747c19ce408', '7c66b76e562bf789', 'b312eff6ebd799e2', '6c102c454ce7dd97', 'c404b84382ce9318', '1f2cf852e96a9f4a', '1744ee3fd36ec1bd', '98595c718f05a255', '6b9d3e74d256227b', '2ea01c3613ecf00d', '13c0e0e923553d0e', '7142abb57b729277', 'fd80e128f690de74', '200f9018fcbbc32c', '3bdb17e61f86024a', '25d0d8f0361858ac', '61ad68a0f62deea5', '0ebd296f3b0b75ef', '42e52dff2bd3ace1', '8a54cf75dddfab21', '86e7e2af7c3d2e4a', '42969d9441bdbcc9', '080b0475acce7c0f', 'ec996590fc41a1ce', 'fdb50f2dd7e6914f', '14d309495cb3ec8c', 'd27947d8a9e47b28', '4397de9b18df5c12', '7cb7624ab61ba4e7', 'f9e32b09e924301d', '08e2442a075a57c1', '49ebdfcf21ba40f1', 'd6484d8c32391587', 'b7209b4115d1e6e4', '2dee6c340333692a', '5287e76d3110e19a', '58a5a1e007ad458e', '3f93f763ed507c37', '79468eaed3dc00ee', 'b1708cd3aeac1f46', 'a696d34fc33171a7', '580d7b71d8f56413', 'beea18f70eb17bae', '0e069b0e9d4108ac', '4bf89c2035a7b791', 'b560e0aa89e8e4ab', 'd901f99de1b5976f', '22dd788f3eade359', '71eed72bb6e78f36', 'e187c02cf734dc78', '4023f31ff975c96c', '5015b09d4722304a', '78209bfd69fc466a', '8f99c5aefede757c', 'a721ebd6bcbfb36b', '75c76b0f4e2c369d', '5fc2b09f3fe37ea9', '1e37725e343d3269', 'a98fdaedd6275dca', 'bf9bf4ab3090c3ab', '1f9a0be88fa18bbe', '56526c2546d61ff3', 'a6c3f685449302c8', 'd6586c088e7ba409', 'ef53b5d65a41ea6c', '4a4ae079a75405f3', '9352c1d54355b7f5', 'a196e4acf79240b9', 'b6b3a33d14c3b48c', 'b22ec2ed2cc6a246', '94660991fb750c1c', '46b201e8915d3845', 'f78fa65442519863', '7890ab361c469a98', '775609c262b35e1b', '73c993bed436801c', 'd2833c575e1449c4', '4a5a20315f12c581', '8adfd446abbde6e1', '6559519bd2d4b7ea', '1517b00f9d04b140', '283166c1a57c6d7e', 'aba8c9ef7ff7c4f8', '4d93e73584dc0f43', '0d6b2010c7cd2d57', '8c6b360beef24b37', 'f8c07ecdb1d24eac', 'a52e67224733055c', 'ec52d2c7e1c1f32b', '2488c84d99d090fd', '5cc61230119cdf40', '8a90b3ed69726fde', '0f3f8e68858b56e0', '12fd196d09b7987b', '7295bb2a9621b1ce', 'c97f52fe84a6268d', '07ba89579498a3bf', 'ec346810dc967c52', 'c509a82077cc1436', '2a78eac8a5ba22a0', '7ff1b1e18fe7ea7d', 'aee174059e77a0c6', 'c48b6f284d95cec8', '5b025bbf5068cb6c', '9c00f902ef0c463a', 'a43a13f135ade984', '3196407646852e67', 'b768bf284dd1890b', 'd24895b377d04e18', 'fa5d578f09a73dfc', 'ccc41fac0224e28f', 'bcc15eb768793b75', '602abc2278e8e573', '4e1cd16ace222387', 'f82b9c910a65f427', '5230b37fc1e430c1', '2af325dfcfba704e', 'b8eac59ee3259f55', '1c171b2eaa891ca1', '41bb828681d9c03a', 'dda14397b316d75b', '1d3b172194721d52', '015115bdea1c5b84', '2823c6a64932792b', 'eb58edd9dbc604b8', 'eda5c99968465eba', 'ab8f670f6f00ee4b', 'd11d2f423846923d', 'd27cc558a9c58bb3', '506141b4f1c670ee', 'a07cfe7d308e6966', '58c2ff87d9070836', '096459e3afa49cf0', '2060ad785ed0b136', 'ad9928c8834f9c6d', 'adf617ae6dff38aa', '572e03960f4c3cbb', '2666dae551f2eea4', '6af40308e1464c3b', 'a6b0449647744326', '2384e1ebdca28a08', '3030b76f102f4565', '2059c8ffca1cc7d0', 'dddc03e4d5078cb1', '89bf4715d4b67b4a', 'bd890bc3f80175b8', '13b6f10f7c60badd', '53fba2229fd25239', '3e46caefbc0acf09', '1c107d47cf8b8259', 'ae0636c229008ab7', 'ae30d8cc960c5f2b', 'b6315c6d2e256d8e', '1700775ad989b979', '8b3fdc25c25c273c', 'db38c2f27bdd42e3', '9d7ebcbf8878764e', 'bb9d6e5572cf032a', 'ef18d23c8969da86', '9f8be69c3d1c1b59', '11d0a115f8e5b450', '264183c72e94f0dd', '483fe43e8c14d39e', 'a7f77c94ed0018f0', 'ca6c818d97b799cb', 'd2fc5d7f07e65e86', 'a38c3b29f7e68f85', '5f9b94ad8746397f', '61d2975e8ee0ca31', '79a77ad29ae5ae04', '2f9d8a5357b3160c', '9589c9367affbe8b', 'e6b60248158b5b61', '1f7d8d7666bfcbbc', '37270e5c4b5f2e3d', '02e0087455d6f9d3', 'b2b013b9178a461b', '6e8645f1724cea9e', '0ec04962e86e972a', '74bd3ab7e48e2a20', '7107b1f466700e05', 'ec5da8bd63251675', 'f0496d65ac6f5596', '8755d93ac5e95837', '80fe65c08ff681fb', 'b7563a86f747eb77', '72ca1abcb6c0023a', '20de118e9f464c62', '44df60aac95b4642', 'ceff8e921b021979', 'a4ea5846826757e4', '18bb86caaedc80cf', '6a7e23df9974bc59', '7672be001cd5e5a7', 'edf1ec86c98d8dfe', 'e3cdc3fa13148cd6', '8ccb0b4987c54022', 'e0a7fbb03225c4bc', '56a7c5c7cb2154f4', '5fc27936c14d0a35', 'f121875177d01092', '5ce7747e17102d7d', 'a1c1f7812e7dd7c9', '3ffa5c9f6a6bb4f2', 'e53436da75713b19', '097038246f77acbb', '76b2609804b09981', 'e360ccd573a30955', '324909bf9ef7516b', '2c7930920aa35794', 'a9d61c745af6a1aa', '02921c8d70b85d5f', 'b50f40cd2fc6079b', '6fc1875c865c223a', '6b917e096e69ed84', '7aff7fb0e12222f3', '18442f808dc08307', '0f40e57ffbb83e6b', '12afa1887f7cc37c', '1ed34dbcf9642399', 'a749067883267936', '726d9e104eb4b555', '738f2bdf5549753c', '95f5f2ac3e247c2b', 'f17c1c916360a1a3', '26225c22a9883069', '9daa2afe90e33a12', 'f5f2eb90628b6beb', '3b4e545db3ead441', '38efeba94bc5fffe', 'a3d3a922c539be70', '4469fa3da7af1f3f', '7663a557fab2d543', 'beda9f8d36de5ff0', '28e3e5519364eb72', 'd9ae877e10c39b84', '1678752187867c8c', '714848a162f9c2e6', '6f08cecf3bee2043', '8bd03cd69d08ee5b', '1975ff3680e04eae', 'c6291e19881afac3', 'f3a9a49bfe7ce3ea', 'a9b0607e95da2504', '7a10995cb90bc00a', '44d3f2ee9545fdc1', 'd17351e92ac6bf8e', 'a5d580686b69a7e0', '47a04e33c1a2ebfa', 'f88b5a56ec8460e1', '8eebb542628351a7', 'b392b096ccffa8c9', '5eb2881a2ff51412', 'b1c76e2258bf3df2', 'ed9194d54eb5eb4a', '5e1aedf325c0316e', '6ddafecb3490b943', 'e641a6269de60269', '6a39a24ae57e4ed3', '9ff65af8c3f2ec0a', '6e97386727cdacae', '4d70ab1801939fab', '2c4b0806da062966', '44699128daab5670', 'acda6e01d5847539', '547e89b9bee3c5b2', '0884aa1c0d005d9a', '7dac36b05d30ee96', '193b4e539d5da148', '232d21fea8b9733c', 'c1fbfe62b0055a87', '89318f95c3a35b4c', '8c7f8b98914f50b6', '8d8ee1176ae17543', '4f3623a3142679ed', '28984954ba81a7cd', '23b95ea85eb93ea3', 'c147ba71a5ae616e', '183ba89398470b57'}
FAILED

=================================== FAILURES ===================================
_____________________________ test_no_empty_values _____________________________

    def test_no_empty_values():
        for file_name in csv_files:
            with open(f"data/{file_name}", newline="") as file:
                reader = csv.DictReader(file)
    
                for row_number, row in enumerate(reader, start=2):
                    for column, value in row.items():
                        assert value is not None, (
                            f"{file_name}: row {row_number}, "
                            f"column '{column}' is NULL"
                        )
    
>                       assert value.strip() != "", (
                            f"{file_name}: row {row_number}, "
                            f"column '{column}' is empty"
                        )
E                       AssertionError: conversions.csv: row 3, column 'revenue_usd' is empty
E                       assert '' != ''
E                        +  where '' = <built-in method strip of str object at 0x1054d3630>()
E                        +    where <built-in method strip of str object at 0x1054d3630> = ''.strip

tests/test_games.py:64: AssertionError
______________________________ test_duplicate_ids ______________________________

    def test_duplicate_ids():
        for file_name, id_column in {
            "clicks.csv": "click_id",
            "conversions.csv": "conversion_id",
            "impressions.csv": "impression_id"
        }.items():
    
            with open(f"data/{file_name}", newline="") as file:
                reader = csv.DictReader(file)
                ids = [row[id_column] for row in reader]
    
            duplicates = {
                id_value
                for id_value in ids
                if ids.count(id_value) > 1
            }
    
            if duplicates:
                print(f"\n{file_name}: duplicate {id_column}: {duplicates}")
    
>           assert not duplicates
E           AssertionError: assert not {'000051686c3b1810', '001f5259ff7d76a3', '006aa7e68b5a23bc', '008d2565736ce85a', '0137406247bbe63c', '015115bdea1c5b84', ...}

tests/test_games.py:91: AssertionError
=========================== short test summary info ============================
FAILED tests/test_games.py::test_no_empty_values - AssertionError: conversion...
FAILED tests/test_games.py::test_duplicate_ids - AssertionError: assert not {...
==================== 2 failed, 4 passed in 67.59s (0:01:07) ====================
